<?xml version="1.0" encoding="UTF-8"?>
<!-- Generated by org.testng.reporters.JUnitReportReporter -->
<testsuite skipped="0" hostname="Romi" name="com.hotels.Hotels.Testnew" tests="1" failures="0" timestamp="28 Nov 2016 22:26:37 GMT" time="14.359" errors="0">
  <testcase name="test" time="14.359" classname="com.hotels.Hotels.Testnew"/>
</testsuite> <!-- com.hotels.Hotels.Testnew -->
