<?xml version="1.0" encoding="UTF-8"?>
<!-- Generated by org.testng.reporters.JUnitReportReporter -->
<testsuite skipped="0" hostname="Romi" name="com.hotels.Hotels.Testnew" tests="1" failures="0" timestamp="29 Nov 2016 22:00:26 GMT" time="15.186" errors="0">
  <testcase name="test" time="15.186" classname="com.hotels.Hotels.Testnew"/>
</testsuite> <!-- com.hotels.Hotels.Testnew -->
