<?xml version="1.0" encoding="UTF-8"?>
<!-- Generated by org.testng.reporters.JUnitReportReporter -->
<testsuite skipped="0" hostname="Anjas-MacBook-Pro.local" name="Test.TestNew" tests="1" failures="0" timestamp="29 Nov 2016 22:12:04 GMT" time="0.211" errors="0">
  <testcase name="test" time="0.211" classname="Test.TestNew"/>
</testsuite> <!-- Test.TestNew -->
